d:\creatdome\onedome\demo\studenthome\studenthome\studenthome\studenthome\x64\debug\vc143.pdb
d:\creatdome\onedome\demo\studenthome\studenthome\studenthome\studenthome\x64\debug\vc143.idb
d:\creatdome\onedome\demo\studenthome\studenthome\studenthome\studenthome\x64\debug\studentview.obj
d:\creatdome\onedome\demo\studenthome\studenthome\studenthome\studenthome\x64\debug\student.obj
d:\creatdome\onedome\demo\studenthome\studenthome\studenthome\studenthome\x64\debug\star.obj
d:\creatdome\onedome\demo\studenthome\studenthome\studenthome\studenthome\x64\debug\main.obj
d:\creatdome\onedome\demo\studenthome\studenthome\studenthome\studenthome\x64\debug\all.obj
d:\creatdome\onedome\demo\studenthome\studenthome\studenthome\studenthome\x64\debug\admin.obj
d:\creatdome\onedome\demo\studenthome\studenthome\studenthome\x64\debug\studenthome.exe
d:\creatdome\onedome\demo\studenthome\studenthome\studenthome\studenthome\x64\debug\studenthome.ilk
d:\creatdome\onedome\demo\studenthome\studenthome\studenthome\x64\debug\studenthome.pdb
d:\creatdome\onedome\demo\studenthome\studenthome\studenthome\studenthome\x64\debug\game.obj
d:\creatdome\onedome\demo\studenthome\studenthome\studenthome\studenthome\x64\debug\studentview.obj.enc
d:\creatdome\onedome\demo\studenthome\studenthome\studenthome\studenthome\x64\debug\studenthome.tlog\cl.command.1.tlog
d:\creatdome\onedome\demo\studenthome\studenthome\studenthome\studenthome\x64\debug\studenthome.tlog\cl.items.tlog
d:\creatdome\onedome\demo\studenthome\studenthome\studenthome\studenthome\x64\debug\studenthome.tlog\cl.read.1.tlog
d:\creatdome\onedome\demo\studenthome\studenthome\studenthome\studenthome\x64\debug\studenthome.tlog\cl.write.1.tlog
d:\creatdome\onedome\demo\studenthome\studenthome\studenthome\studenthome\x64\debug\studenthome.tlog\link.command.1.tlog
d:\creatdome\onedome\demo\studenthome\studenthome\studenthome\studenthome\x64\debug\studenthome.tlog\link.read.1.tlog
d:\creatdome\onedome\demo\studenthome\studenthome\studenthome\studenthome\x64\debug\studenthome.tlog\link.write.1.tlog
